[2017-01-20 17:12:32.196][info ][command:null][tid:01][com.facebook.buck.cli.HangMonitor] HangMonitorAutoStart
[2017-01-20 17:12:32.271][debug][command:null][tid:01][com.google.common.util.concurrent.ServiceManager] Starting HangMonitor [STARTING].
[2017-01-20 17:12:32.272][debug][command:null][tid:01][com.google.common.util.concurrent.ServiceManager] Started HangMonitor [RUNNING] in 4.889 ms.
[2017-01-20 17:12:32.321][info ][command:null][tid:01][com.facebook.buck.cli.Main] enabling background process killing for buckd
[2017-01-20 17:12:32.323][info ][command:null][tid:01][com.facebook.buck.cli.Main] enabled background process killing for buckd
[2017-01-20 17:12:32.324][info ][command:null][tid:01][com.facebook.buck.cli.Main] initialized bg session killer
[2017-01-20 17:12:32.357][debug][command:null][tid:14][com.martiansoftware.nailgun.NGSession] Waiting for first client to connect
[2017-01-20 17:12:32.365][debug][command:null][tid:14][com.martiansoftware.nailgun.NGSession] Client connected
[2017-01-20 17:12:32.365][debug][command:null][tid:15][com.martiansoftware.nailgun.NGSession] Waiting for first client to connect
[2017-01-20 17:12:32.369][debug][command:null][tid:14][com.martiansoftware.nailgun.NGSession] Tearing down client socket
[2017-01-20 17:12:32.370][debug][command:null][tid:14][com.martiansoftware.nailgun.NGSession] Flushing client socket
[2017-01-20 17:12:32.370][debug][command:null][tid:15][com.martiansoftware.nailgun.NGSession] Client connected
[2017-01-20 17:12:32.370][debug][command:null][tid:18][com.martiansoftware.nailgun.NGSession] Waiting for first client to connect
[2017-01-20 17:12:32.370][warn ][command:null][tid:16][com.martiansoftware.nailgun.NGInputStream] Nailgun client read future was interrupted
java.lang.InterruptedException
	at java.util.concurrent.FutureTask.awaitDone(FutureTask.java:404)
	at java.util.concurrent.FutureTask.get(FutureTask.java:204)
	at com.martiansoftware.nailgun.NGInputStream$1.run(NGInputStream.java:91)
	at java.util.concurrent.Executors$RunnableAdapter.call(Executors.java:511)
	at java.util.concurrent.FutureTask.run(FutureTask.java:266)
	at java.util.concurrent.ThreadPoolExecutor.runWorker(ThreadPoolExecutor.java:1142)
	at java.util.concurrent.ThreadPoolExecutor$Worker.run(ThreadPoolExecutor.java:617)
	at java.lang.Thread.run(Thread.java:745)

[2017-01-20 17:12:32.370][debug][command:null][tid:14][com.martiansoftware.nailgun.NGSession] Error shutting down socket I/O (this is expected if the client disconnected already)
java.io.IOException: com.sun.jna.LastErrorException: [57] Socket is not connected
	at com.martiansoftware.nailgun.NGUnixDomainSocket.doShutdown(NGUnixDomainSocket.java:74)
	at com.martiansoftware.nailgun.NGUnixDomainSocket.shutdownInput(NGUnixDomainSocket.java:60)
	at com.martiansoftware.nailgun.NGSession.run(NGSession.java:384)
Caused by: com.sun.jna.LastErrorException: [57] Socket is not connected
	at com.martiansoftware.nailgun.NGUnixDomainSocketLibrary.shutdown(Native Method)
	at com.martiansoftware.nailgun.NGUnixDomainSocket.doShutdown(NGUnixDomainSocket.java:71)
	... 2 more

[2017-01-20 17:12:32.371][debug][command:null][tid:14][com.martiansoftware.nailgun.NGSession] Closing client socket
[2017-01-20 17:12:32.371][debug][command:null][tid:16][com.martiansoftware.nailgun.NGInputStream] Nailgun client read shutting down
[2017-01-20 17:12:32.371][debug][command:null][tid:14][com.martiansoftware.nailgun.NGSession] Finished tearing down client socket
[2017-01-20 17:12:32.371][debug][command:null][tid:14][com.martiansoftware.nailgun.NGSession] Waiting for next client to connect
[2017-01-20 17:12:32.371][info ][command:null][tid:14][com.martiansoftware.nailgun.NGSession] NGSession shutting down
[2017-01-20 17:12:32.622][debug][command:null][tid:15][com.facebook.buck.cli.Main] Rotating log.
[2017-01-20 17:12:32.627][debug][command:null][tid:15][com.facebook.buck.cli.Main] Starting up (build date 2017-01-20 13:56:58 -0800, rev b3c1dd90071594758febf17ccb25469597710207), args: [targets]
[2017-01-20 17:12:32.629][debug][command:null][tid:15][com.facebook.buck.cli.Main] System properties: {java.vendor=Oracle Corporation, sun.java.launcher=SUN_STANDARD, sun.management.compiler=HotSpot 64-Bit Tiered Compilers, jnidispatch.path=/Users/kaushikgopal/code/RxJava-Android-Samples/.buckd/tmp/buck_run.fk0n6V/jna--2070603811/jna7018417348810805703.tmp, os.name=Mac OS X, buck.enable_objc=true, sun.boot.class.path=/Library/Java/JavaVirtualMachines/jdk1.8.0_92.jdk/Contents/Home/jre/lib/resources.jar:/Library/Java/JavaVirtualMachines/jdk1.8.0_92.jdk/Contents/Home/jre/lib/rt.jar:/Library/Java/JavaVirtualMachines/jdk1.8.0_92.jdk/Contents/Home/jre/lib/sunrsasign.jar:/Library/Java/JavaVirtualMachines/jdk1.8.0_92.jdk/Contents/Home/jre/lib/jsse.jar:/Library/Java/JavaVirtualMachines/jdk1.8.0_92.jdk/Contents/Home/jre/lib/jce.jar:/Library/Java/JavaVirtualMachines/jdk1.8.0_92.jdk/Contents/Home/jre/lib/charsets.jar:/Library/Java/JavaVirtualMachines/jdk1.8.0_92.jdk/Contents/Home/jre/lib/jfr.jar:/Library/Java/JavaVirtualMachines/jdk1.8.0_92.jdk/Contents/Home/jre/classes, java.vm.specification.vendor=Oracle Corporation, java.runtime.version=1.8.0_92-b14, buck.path_to_intellij_py=/Users/kaushikgopal/.gradle/caches/okbuck/buck/src/com/facebook/buck/command/intellij.py, jna.loaded=true, buck.testrunner_classes=/Users/kaushikgopal/.gradle/caches/okbuck/buck/build/testrunner/classes, buck.logging_config_file=/Users/kaushikgopal/.gradle/caches/okbuck/buck/config/logging.properties.st, buck.path_to_sh_binary_template=/Users/kaushikgopal/.gradle/caches/okbuck/buck/src/com/facebook/buck/shell/sh_binary_template, user.name=kaushikgopal, buck.path_to_pywatchman=/Users/kaushikgopal/.gradle/caches/okbuck/buck/third-party/py/pywatchman, buck.report_generator_jar=/Users/kaushikgopal/.gradle/caches/okbuck/buck/build/report-generator.jar, buck.git_commit=b3c1dd90071594758febf17ccb25469597710207, user.language=en, sun.boot.library.path=/Library/Java/JavaVirtualMachines/jdk1.8.0_92.jdk/Contents/Home/jre/lib, java.version=1.8.0_92, user.timezone=America/Los_Angeles, buck.test_util_no_tests_dir=true, sun.arch.data.model=64, java.endorsed.dirs=/Library/Java/JavaVirtualMachines/jdk1.8.0_92.jdk/Contents/Home/jre/lib/endorsed, sun.cpu.isalist=, sun.jnu.encoding=UTF-8, file.encoding.pkg=sun.io, file.separator=/, java.specification.name=Java Platform API Specification, buck.jacoco_agent_jar=/Users/kaushikgopal/.gradle/caches/okbuck/buck/third-party/java/jacoco/jacocoagent.jar, java.class.version=52.0, user.country=US, java.home=/Library/Java/JavaVirtualMachines/jdk1.8.0_92.jdk/Contents/Home/jre, java.vm.info=mixed mode, os.version=10.11.6, buck.path_to_scandir_py=/Users/kaushikgopal/.gradle/caches/okbuck/buck/third-party/py/scandir/scandir.py, buck.path_to_static_content=/Users/kaushikgopal/.gradle/caches/okbuck/buck/webserver/static, buck.version_uid=b3c1dd90071594758febf17ccb25469597710207, org.eclipse.jetty.util.log.class=org.eclipse.jetty.util.log.JavaUtilLog, buck.abi_processor_classes=/Users/kaushikgopal/.gradle/caches/okbuck/buck/build/abi_processor/classes, path.separator=:, java.vm.version=25.92-b14, java.awt.printerjob=sun.lwawt.macosx.CPrinterJob, sun.io.unicode.encoding=UnicodeBig, awt.toolkit=sun.lwawt.macosx.LWCToolkit, buck.buck_build_type_info=/Users/kaushikgopal/.gradle/caches/okbuck/buck/config/build_type/LOCAL_ANT/type.txt, buck.dx=/Users/kaushikgopal/.gradle/caches/okbuck/buck/third-party/java/dx/etc/dx, buck.git_commit_timestamp=1484949418, user.home=/Users/kaushikgopal, buck.path_to_asm_jar=/Users/kaushikgopal/.gradle/caches/okbuck/buck/third-party/java/asm/asm-debug-all-5.0.3.jar, java.specification.vendor=Oracle Corporation, buck.git_dirty=0, java.library.path=/Users/kaushikgopal/.gradle/caches/okbuck/buck/third-party/java/ObjCBridge, java.vendor.url=http://java.oracle.com/, java.vm.vendor=Oracle Corporation, gopherProxySet=false, java.runtime.name=Java(TM) SE Runtime Environment, sun.java.command=com.facebook.buck.cli.bootstrapper.ClassLoaderBootstrapper com.facebook.buck.cli.Main$DaemonBootstrap local:.buckd/sock 60000, java.class.path=/Users/kaushikgopal/.gradle/caches/okbuck/buck/build/bootstrapper/bootstrapper.jar, buck.buckd_dir=/Users/kaushikgopal/code/RxJava-Android-Samples/.buckd, buck.path_to_pathlib_py=/Users/kaushikgopal/.gradle/caches/okbuck/buck/third-party/py/pathlib/pathlib.py, buck.buckd_launch_time_nanos=451315616537650, java.vm.specification.name=Java Virtual Machine Specification, com.martiansoftware.nailgun.NGServer.outputPath=/Users/kaushikgopal/code/RxJava-Android-Samples/.buckd/tmp/buck_run.fk0n6V/ngserver-out, java.vm.specification.version=1.8, sun.cpu.endian=little, buck.path_to_rawmanifest_py=/Users/kaushikgopal/.gradle/caches/okbuck/buck/src/com/facebook/buck/util/versioncontrol/rawmanifest.py, sun.os.patch.level=unknown, java.awt.headless=true, java.io.tmpdir=/Users/kaushikgopal/code/RxJava-Android-Samples/.buckd/tmp/buck_run.fk0n6V, buck.android_agent_path=/Users/kaushikgopal/.gradle/caches/okbuck/buck/assets/android/agent.apk, java.vendor.url.bug=http://bugreport.sun.com/bugreport/, jna.platform.library.path=/usr/lib:/usr/lib, os.arch=x86_64, java.awt.graphicsenv=sun.awt.CGraphicsEnvironment, buck.path_to_pex=/Users/kaushikgopal/.gradle/caches/okbuck/buck/src/com/facebook/buck/python/make_pex.py, java.ext.dirs=/Users/kaushikgopal/Library/Java/Extensions:/Library/Java/JavaVirtualMachines/jdk1.8.0_92.jdk/Contents/Home/jre/lib/ext:/Library/Java/Extensions:/Network/Library/Java/Extensions:/System/Library/Java/Extensions:/usr/lib/java, java.util.logging.config.class=com.facebook.buck.cli.bootstrapper.LogConfig, user.dir=/Users/kaushikgopal/code/RxJava-Android-Samples, line.separator=
, java.vm.name=Java HotSpot(TM) 64-Bit Server VM, buck.native_exopackage_fake_path=/Users/kaushikgopal/.gradle/caches/okbuck/buck/assets/android/native-exopackage-fakes.apk, file.encoding=UTF-8, java.specification.version=1.8}
[2017-01-20 17:12:32.643][debug][command:null][tid:15][com.facebook.buck.config.Configs] Loading configuration for /Users/kaushikgopal/code/RxJava-Android-Samples
[2017-01-20 17:12:32.666][debug][command:null][tid:15][com.facebook.buck.config.Configs] Loaded a configuration file /Users/kaushikgopal/code/RxJava-Android-Samples/.buckconfig: {}
[2017-01-20 17:12:32.670][debug][command:null][tid:15][com.facebook.buck.config.Configs] Loaded a configuration file /Users/kaushikgopal/code/RxJava-Android-Samples/.buckconfig.local: {alias={appDebug=//app:bin_debug, appRelease=//app:bin_release}, android={build_tools_version=24.0.2, target=android-24}, project={ignore=.git,**/.svn}}
[2017-01-20 17:12:32.670][debug][command:null][tid:15][com.facebook.buck.config.Configs] Adding configuration overrides RawConfig{values={}}
[2017-01-20 17:12:32.772][info ][command:null][tid:15][com.facebook.buck.io.Watchman] Creating for: [/Users/kaushikgopal/code/RxJava-Android-Samples]
[2017-01-20 17:12:32.778][debug][command:null][tid:15][com.facebook.buck.io.ExecutableFinder] Executable 'watchman' mapped to 'Optional[/usr/local/bin/watchman]'
[2017-01-20 17:12:32.780][debug][command:null][tid:15][com.facebook.buck.util.ListeningProcessExecutor] Launching process with params ProcessExecutorParams{command=[/usr/local/bin/watchman, --output-encoding=bser, get-sockname]}
[2017-01-20 17:12:32.817][debug][command:null][tid:15][com.facebook.buck.util.ListeningProcessExecutor] Successfully launched process com.zaxxer.nuprocess.osx.OsxProcess@40402810
[2017-01-20 17:12:32.817][debug][command:null][tid:15][com.facebook.buck.util.ListeningProcessExecutor] Waiting for process com.facebook.buck.util.ListeningProcessExecutor$LaunchedProcessImpl@1440dfd1 timeout 1000000000 NANOSECONDS
[2017-01-20 17:12:32.825][debug][command:null][tid:15][com.facebook.buck.util.ListeningProcessExecutor] Wait for process returned 0
[2017-01-20 17:12:32.826][debug][command:null][tid:15][com.facebook.buck.io.Watchman] Waited 8 ms for Watchman command get-sockname, exit code 0
[2017-01-20 17:12:32.830][debug][command:null][tid:15][com.facebook.buck.io.Watchman] stdout of command: {version=4.7.0, sockname=/usr/local/var/run/watchman/kaushikgopal-state/sock}
[2017-01-20 17:12:32.830][info ][command:null][tid:15][com.facebook.buck.io.Watchman] Connecting to Watchman version 4.7.0 at /usr/local/var/run/watchman/kaushikgopal-state/sock
[2017-01-20 17:12:32.838][debug][command:null][tid:15][com.facebook.buck.io.Watchman] Connected to Watchman
[2017-01-20 17:12:32.840][debug][command:null][tid:24][com.facebook.buck.io.WatchmanSocketClient] Sending query: [version, {required=[cmd-watch-project], optional=[term-dirname, cmd-watch-project, wildmatch, wildmatch_multislash, glob_generator, clock-sync-timeout]}]
[2017-01-20 17:12:32.841][debug][command:null][tid:15][com.facebook.buck.io.WatchmanSocketClient] Query [version, {required=[cmd-watch-project], optional=[term-dirname, cmd-watch-project, wildmatch, wildmatch_multislash, glob_generator, clock-sync-timeout]}] returned in 1 ms
[2017-01-20 17:12:32.842][info ][command:null][tid:15][com.facebook.buck.io.Watchman] Took 3 ms to query capabilities {term-dirname=DIRNAME, cmd-watch-project=SUPPORTS_PROJECT_WATCH, wildmatch=WILDMATCH_GLOB, wildmatch_multislash=WILDMATCH_MULTISLASH, glob_generator=GLOB_GENERATOR, clock-sync-timeout=CLOCK_SYNC_TIMEOUT}
[2017-01-20 17:12:32.842][debug][command:null][tid:15][com.facebook.buck.io.Watchman] Got capabilities response: {term-dirname=true, cmd-watch-project=true, wildmatch=true, wildmatch_multislash=false, glob_generator=true, clock-sync-timeout=true}
[2017-01-20 17:12:32.842][debug][command:null][tid:15][com.facebook.buck.io.Watchman] Got Watchman capabilities: [DIRNAME, SUPPORTS_PROJECT_WATCH, WILDMATCH_GLOB, GLOB_GENERATOR, CLOCK_SYNC_TIMEOUT]
[2017-01-20 17:12:32.842][info ][command:null][tid:15][com.facebook.buck.io.Watchman] Adding watchman root: /Users/kaushikgopal/code/RxJava-Android-Samples
[2017-01-20 17:12:32.842][debug][command:null][tid:24][com.facebook.buck.io.WatchmanSocketClient] Sending query: [watch-project, /Users/kaushikgopal/code/RxJava-Android-Samples]
[2017-01-20 17:12:32.843][debug][command:null][tid:15][com.facebook.buck.io.WatchmanSocketClient] Query [watch-project, /Users/kaushikgopal/code/RxJava-Android-Samples] returned in 0 ms
[2017-01-20 17:12:32.843][debug][command:null][tid:24][com.facebook.buck.io.WatchmanSocketClient] Sending query: [watch-project, /Users/kaushikgopal/code/RxJava-Android-Samples]
[2017-01-20 17:12:32.843][debug][command:null][tid:15][com.facebook.buck.io.WatchmanSocketClient] Query [watch-project, /Users/kaushikgopal/code/RxJava-Android-Samples] returned in 0 ms
[2017-01-20 17:12:32.843][info ][command:null][tid:15][com.facebook.buck.io.Watchman] Took 1 ms to add root /Users/kaushikgopal/code/RxJava-Android-Samples
[2017-01-20 17:12:32.844][debug][command:null][tid:24][com.facebook.buck.io.WatchmanSocketClient] Sending query: [clock, /Users/kaushikgopal/code/RxJava-Android-Samples, {sync_timeout=100}]
[2017-01-20 17:12:32.856][debug][command:null][tid:15][com.facebook.buck.io.WatchmanSocketClient] Query [clock, /Users/kaushikgopal/code/RxJava-Android-Samples, {sync_timeout=100}] returned in 12 ms
[2017-01-20 17:12:32.857][info ][command:null][tid:15][com.facebook.buck.io.Watchman] Took 12 ms to query for initial clock id Optional[c:1484960659:20371:1:259]
[2017-01-20 17:12:32.858][debug][command:null][tid:15][com.facebook.buck.cli.Main] Watchman capabilities: [DIRNAME, SUPPORTS_PROJECT_WATCH, WILDMATCH_GLOB, GLOB_GENERATOR, CLOCK_SYNC_TIMEOUT] Project watches: {/Users/kaushikgopal/code/RxJava-Android-Samples=ProjectWatch{watchRoot=/Users/kaushikgopal/code/RxJava-Android-Samples}} Glob handler config: PYTHON Query timeout ms config: Optional.empty
[2017-01-20 17:12:32.869][debug][command:null][tid:15][com.facebook.buck.cli.Main] Starting up daemon for project root [/Users/kaushikgopal/code/RxJava-Android-Samples]
[2017-01-20 17:12:32.909][warn ][command:null][tid:15][com.facebook.buck.cli.Main] Can't start web server
[2017-01-20 17:12:32.910][debug][command:null][tid:15][com.facebook.buck.cli.Main] Falling back to named cursors: {/Users/kaushikgopal/code/RxJava-Android-Samples=ProjectWatch{watchRoot=/Users/kaushikgopal/code/RxJava-Android-Samples}}
[2017-01-20 17:12:32.910][debug][command:null][tid:15][com.facebook.buck.cli.Main] Using Watchman Cursor: {/Users/kaushikgopal/code/RxJava-Android-Samples=n:buckd2f3951f9-df5d-4d28-be29-3bee6d157a67}
