Buildfile: /Users/kaushikgopal/.gradle/caches/okbuck/buck/build.xml

clear-successful-build:

checkversion:

compile-testrunner:
    [mkdir] Created dir: /Users/kaushikgopal/.gradle/caches/okbuck/buck/build/testrunner/classes
    [javac] Compiling 17 source files to /Users/kaushikgopal/.gradle/caches/okbuck/buck/build/testrunner/classes

compile-aosp:
    [mkdir] Created dir: /Users/kaushikgopal/.gradle/caches/okbuck/buck/build/aosp/classes
    [javac] Compiling 17 source files to /Users/kaushikgopal/.gradle/caches/okbuck/buck/build/aosp/classes
    [javac] [compiled 5873 lines in 881 ms: 6666.2 lines/s]
    [javac] [34 .class files generated]

compile-manual-gen-src:
    [mkdir] Created dir: /Users/kaushikgopal/.gradle/caches/okbuck/buck/build/src-gen/classes
    [javac] Compiling 60 source files to /Users/kaushikgopal/.gradle/caches/okbuck/buck/build/src-gen/classes

tracing-api:
    [mkdir] Created dir: /Users/kaushikgopal/.gradle/caches/okbuck/buck/build/tracing-api/classes
    [javac] Compiling 2 source files to /Users/kaushikgopal/.gradle/caches/okbuck/buck/build/tracing-api/classes
    [javac] [compiled 185 lines in 491 ms: 376.7 lines/s]
    [javac] [3 .class files generated]
      [jar] Building jar: /Users/kaushikgopal/.gradle/caches/okbuck/buck/build/tracing-api/tracing-api.jar

bootstrapper:
    [mkdir] Created dir: /Users/kaushikgopal/.gradle/caches/okbuck/buck/build/bootstrapper/classes
    [javac] Compiling 11 source files to /Users/kaushikgopal/.gradle/caches/okbuck/buck/build/bootstrapper/classes
    [javac] [compiled 466 lines in 490 ms: 951.0 lines/s]
    [javac] [11 .class files generated]
      [jar] Building jar: /Users/kaushikgopal/.gradle/caches/okbuck/buck/build/bootstrapper/bootstrapper.jar

package-resources:
    [mkdir] Created dir: /Users/kaushikgopal/.gradle/caches/okbuck/buck/build/classes/com/facebook/buck/android
     [copy] Copying 1 file to /Users/kaushikgopal/.gradle/caches/okbuck/buck/build/classes/com/facebook/buck/android
     [copy] Copying 1 file to /Users/kaushikgopal/.gradle/caches/okbuck/buck/build/classes/com/facebook/buck/android
     [copy] Copying 1 file to /Users/kaushikgopal/.gradle/caches/okbuck/buck/build/classes/com/facebook/buck/android
     [copy] Copying 1 file to /Users/kaushikgopal/.gradle/caches/okbuck/buck/build/classes/com/facebook/buck/android
     [copy] Copying 8 files to /Users/kaushikgopal/.gradle/caches/okbuck/buck/build/classes/buck_parser

dx-check-build:

dx:
    [mkdir] Created dir: /Users/kaushikgopal/.gradle/caches/okbuck/buck/build/dx_classes
    [javac] Compiling 391 source files to /Users/kaushikgopal/.gradle/caches/okbuck/buck/build/dx_classes
    [javac] Note: Some input files use unchecked or unsafe operations.
    [javac] Note: Recompile with -Xlint:unchecked for details.
    [javac] Creating empty /Users/kaushikgopal/.gradle/caches/okbuck/buck/build/dx_classes/com/android/dx/rop/package-info.class
    [javac] Creating empty /Users/kaushikgopal/.gradle/caches/okbuck/buck/build/dx_classes/com/android/dx/ssa/package-info.class
      [jar] Building jar: /Users/kaushikgopal/.gradle/caches/okbuck/buck/build/dx.jar

compile:
    [javac] Compiling 1832 source files to /Users/kaushikgopal/.gradle/caches/okbuck/buck/build/classes
    [javac] [compiled 362598 lines in 11016 ms: 32915.5 lines/s]
    [javac] [3400 .class files generated]
    [javac] 1. WARNING: Annotation @Value.Parameter is superfluous when Style(allParameters = true)
    [javac] 1 problem (1 warning)

javac-plugin:
    [mkdir] Created dir: /Users/kaushikgopal/.gradle/caches/okbuck/buck/build/javac-plugin/classes
    [javac] Compiling 31 source files to /Users/kaushikgopal/.gradle/caches/okbuck/buck/build/javac-plugin/classes
    [javac] [compiled 3374 lines in 686 ms: 4918.3 lines/s]
    [javac] [43 .class files generated]
      [jar] Building jar: /Users/kaushikgopal/.gradle/caches/okbuck/buck/build/javac-plugin/javac-plugin.jar
     [copy] Copying 1 file to /Users/kaushikgopal/.gradle/caches/okbuck/buck/build/classes/com/facebook/buck/jvm/java/plugin

report-generator-jar:
      [jar] Building jar: /Users/kaushikgopal/.gradle/caches/okbuck/buck/build/report-generator.jar

mark-successful-build:
    [touch] Creating /Users/kaushikgopal/.gradle/caches/okbuck/buck/build/successful-build

default:

BUILD SUCCESSFUL
Total time: 19 seconds
