[2017-01-20 17:12:32.196][info ][command:null][tid:01][com.facebook.buck.cli.HangMonitor] HangMonitorAutoStart
[2017-01-20 17:12:32.271][debug][command:null][tid:01][com.google.common.util.concurrent.ServiceManager] Starting HangMonitor [STARTING].
[2017-01-20 17:12:32.272][debug][command:null][tid:01][com.google.common.util.concurrent.ServiceManager] Started HangMonitor [RUNNING] in 4.889 ms.
[2017-01-20 17:12:32.321][info ][command:null][tid:01][com.facebook.buck.cli.Main] enabling background process killing for buckd
[2017-01-20 17:12:32.323][info ][command:null][tid:01][com.facebook.buck.cli.Main] enabled background process killing for buckd
[2017-01-20 17:12:32.324][info ][command:null][tid:01][com.facebook.buck.cli.Main] initialized bg session killer
[2017-01-20 17:12:32.357][debug][command:null][tid:14][com.martiansoftware.nailgun.NGSession] Waiting for first client to connect
[2017-01-20 17:12:32.365][debug][command:null][tid:14][com.martiansoftware.nailgun.NGSession] Client connected
[2017-01-20 17:12:32.365][debug][command:null][tid:15][com.martiansoftware.nailgun.NGSession] Waiting for first client to connect
[2017-01-20 17:12:32.369][debug][command:null][tid:14][com.martiansoftware.nailgun.NGSession] Tearing down client socket
[2017-01-20 17:12:32.370][debug][command:null][tid:14][com.martiansoftware.nailgun.NGSession] Flushing client socket
[2017-01-20 17:12:32.370][debug][command:null][tid:15][com.martiansoftware.nailgun.NGSession] Client connected
[2017-01-20 17:12:32.370][debug][command:null][tid:18][com.martiansoftware.nailgun.NGSession] Waiting for first client to connect
[2017-01-20 17:12:32.370][debug][command:null][tid:14][com.martiansoftware.nailgun.NGSession] Error shutting down socket I/O (this is expected if the client disconnected already)
java.io.IOException: com.sun.jna.LastErrorException: [57] Socket is not connected
	at com.martiansoftware.nailgun.NGUnixDomainSocket.doShutdown(NGUnixDomainSocket.java:74)
	at com.martiansoftware.nailgun.NGUnixDomainSocket.shutdownInput(NGUnixDomainSocket.java:60)
	at com.martiansoftware.nailgun.NGSession.run(NGSession.java:384)
Caused by: com.sun.jna.LastErrorException: [57] Socket is not connected
	at com.martiansoftware.nailgun.NGUnixDomainSocketLibrary.shutdown(Native Method)
	at com.martiansoftware.nailgun.NGUnixDomainSocket.doShutdown(NGUnixDomainSocket.java:71)
	... 2 more

[2017-01-20 17:12:32.370][warn ][command:null][tid:16][com.martiansoftware.nailgun.NGInputStream] Nailgun client read future was interrupted
java.lang.InterruptedException
	at java.util.concurrent.FutureTask.awaitDone(FutureTask.java:404)
	at java.util.concurrent.FutureTask.get(FutureTask.java:204)
	at com.martiansoftware.nailgun.NGInputStream$1.run(NGInputStream.java:91)
	at java.util.concurrent.Executors$RunnableAdapter.call(Executors.java:511)
	at java.util.concurrent.FutureTask.run(FutureTask.java:266)
	at java.util.concurrent.ThreadPoolExecutor.runWorker(ThreadPoolExecutor.java:1142)
	at java.util.concurrent.ThreadPoolExecutor$Worker.run(ThreadPoolExecutor.java:617)
	at java.lang.Thread.run(Thread.java:745)

[2017-01-20 17:12:32.371][debug][command:null][tid:14][com.martiansoftware.nailgun.NGSession] Closing client socket
[2017-01-20 17:12:32.371][debug][command:null][tid:16][com.martiansoftware.nailgun.NGInputStream] Nailgun client read shutting down
[2017-01-20 17:12:32.371][debug][command:null][tid:14][com.martiansoftware.nailgun.NGSession] Finished tearing down client socket
[2017-01-20 17:12:32.371][debug][command:null][tid:14][com.martiansoftware.nailgun.NGSession] Waiting for next client to connect
[2017-01-20 17:12:32.371][info ][command:null][tid:14][com.martiansoftware.nailgun.NGSession] NGSession shutting down
[2017-01-20 17:12:32.622][debug][command:null][tid:15][com.facebook.buck.cli.Main] Rotating log.
